go->0
{->0
let->0
int->0
n->(8, 0)
,->0
i->(3, 0)
,->0
sum->(1, 0)
=->0
0->(14, 0)
;->0
let->0
string->0
msg->(4, 0)
=->0
""->(0, 0)
;->0
read->0
(->0
n->(8, 0)
)->0
;->0
if->0
n->(8, 0)
<->0
0->(14, 0)
then->0
{->0
msg->(4, 0)
=->0
"positive"->(16, 0)
;->0
write->0
(->0
msg->(4, 0)
)->0
;->0
}->0
else->0
{->0
sum->(1, 0)
=->0
0->(14, 0)
;->0
while->0
n->(8, 0)
>->0
0->(14, 0)
do->0
{->0
sum->(1, 0)
+->0
=->0
num->(13, 0)
;->0
n->(8, 0)
-=->0
1->(15, 0)
;->0
}->0
write->0
(->0
sum->(1, 0)
)->0
;->0
}->0
}->0
